[0m[[0mdebug[0m] [0mRunning TaskDef(common.utils.cassandra.ConnectionAndQuerySpec, org.scalatest.tools.Framework$$anon$1@644b746, false, [SuiteSelector])[0m
[0m[[0mdebug[0m] [0mRunning TaskDef(common.utils.cassandra.CassandraConnectionUriSpec, org.scalatest.tools.Framework$$anon$1@644b746, false, [SuiteSelector])[0m
[0m[[0minfo[0m] [0m[36mRun completed in 571 milliseconds.[0m[0m
[0m[[0minfo[0m] [0m[36mTotal number of tests run: 3[0m[0m
[0m[[0minfo[0m] [0m[36mSuites: completed 2, aborted 0[0m[0m
[0m[[0minfo[0m] [0m[36mTests: succeeded 2, failed 1, canceled 0, ignored 0, pending 0[0m[0m
[0m[[0minfo[0m] [0m[31m*** 1 TEST FAILED ***[0m[0m
[0m[[0mdebug[0m] [0mPassed tests:[0m
[0m[[0mdebug[0m] [0m	common.utils.cassandra.CassandraConnectionUriSpec[0m
[0m[[31merror[0m] [0mFailed tests:[0m
[0m[[31merror[0m] [0m	common.utils.cassandra.ConnectionAndQuerySpec[0m
[0m[[31merror[0m] [0m(common/test:[31mtest[0m) sbt.TestsFailedException: Tests unsuccessful[0m
