<?xml version='1.0' encoding='UTF-8'?>
<testsuite hostname="EvilSentientAI" name="common.utils.cassandra.ConnectionAndQuerySpec" tests="1" errors="0" failures="1" time="0.349">
                     <properties>
[...]
</properties>
                     <testcase classname="common.utils.cassandra.ConnectionAndQuerySpec" name="Connecting and querying a Cassandra database should just work" time="0.349">
                                                 <failure message="All host(s) tried for query failed (tried: localhost/127.0.0.1:9042 (com.datastax.driver.core.exceptions.InvalidQueryException: unconfigured table schema_keyspaces))" type="com.datastax.driver.core.exceptions.NoHostAvailableException">com.datastax.driver.core.exceptions.NoHostAvailableException: All host(s) tried for query failed (tried: localhost/127.0.0.1:9042 (com.datastax.driver.core.exceptions.InvalidQueryException: unconfigured table schema_keyspaces))
	at com.datastax.driver.core.ControlConnection.reconnectInternal(ControlConnection.java:199)
	at com.datastax.driver.core.ControlConnection.connect(ControlConnection.java:80)
	at com.datastax.driver.core.Cluster$Manager.init(Cluster.java:1199)
	at com.datastax.driver.core.Cluster.init(Cluster.java:154)
	at com.datastax.driver.core.Cluster.connect(Cluster.java:230)
	at common.utils.cassandra.Helper$.createSessionAndInitKeyspace(Helper.scala:14)
	at common.utils.cassandra.ConnectionAndQuerySpec$$anonfun$1$$anonfun$apply$mcV$sp$1.apply$mcV$sp(ConnectionAndQuerySpec.scala:12)
	at common.utils.cassandra.ConnectionAndQuerySpec$$anonfun$1$$anonfun$apply$mcV$sp$1.apply(ConnectionAndQuerySpec.scala:10)
	at common.utils.cassandra.ConnectionAndQuerySpec$$anonfun$1$$anonfun$apply$mcV$sp$1.apply(ConnectionAndQuerySpec.scala:10)
	at org.scalatest.Transformer$$anonfun$apply$1.apply$mcV$sp(Transformer.scala:22)
	at org.scalatest.OutcomeOf$class.outcomeOf(OutcomeOf.scala:85)
	at org.scalatest.OutcomeOf$.outcomeOf(OutcomeOf.scala:104)
	at org.scalatest.Transformer.apply(Transformer.scala:22)
	at org.scalatest.Transformer.apply(Transformer.scala:20)
	at org.scalatest.FunSpecLike$$anon$1.apply(FunSpecLike.scala:422)
	at org.scalatest.Suite$class.withFixture(Suite.scala:1122)
	at org.scalatest.FunSpec.withFixture(FunSpec.scala:1626)
	at org.scalatest.FunSpecLike$class.invokeWithFixture$1(FunSpecLike.scala:419)
	at org.scalatest.FunSpecLike$$anonfun$runTest$1.apply(FunSpecLike.scala:431)
	at org.scalatest.FunSpecLike$$anonfun$runTest$1.apply(FunSpecLike.scala:431)
	at org.scalatest.SuperEngine.runTestImpl(Engine.scala:306)
	at org.scalatest.FunSpecLike$class.runTest(FunSpecLike.scala:431)
	at org.scalatest.FunSpec.runTest(FunSpec.scala:1626)
	at org.scalatest.FunSpecLike$$anonfun$runTests$1.apply(FunSpecLike.scala:464)
	at org.scalatest.FunSpecLike$$anonfun$runTests$1.apply(FunSpecLike.scala:464)
	at org.scalatest.SuperEngine$$anonfun$traverseSubNodes$1$1.apply(Engine.scala:413)
	at org.scalatest.SuperEngine$$anonfun$traverseSubNodes$1$1.apply(Engine.scala:401)
	at scala.collection.immutable.List.foreach(List.scala:381)
	at org.scalatest.SuperEngine.traverseSubNodes$1(Engine.scala:401)
	at org.scalatest.SuperEngine.org$scalatest$SuperEngine$$runTestsInBranch(Engine.scala:390)
	at org.scalatest.SuperEngine$$anonfun$traverseSubNodes$1$1.apply(Engine.scala:427)
	at org.scalatest.SuperEngine$$anonfun$traverseSubNodes$1$1.apply(Engine.scala:401)
	at scala.collection.immutable.List.foreach(List.scala:381)
	at org.scalatest.SuperEngine.traverseSubNodes$1(Engine.scala:401)
	at org.scalatest.SuperEngine.org$scalatest$SuperEngine$$runTestsInBranch(Engine.scala:396)
	at org.scalatest.SuperEngine.runTestsImpl(Engine.scala:483)
	at org.scalatest.FunSpecLike$class.runTests(FunSpecLike.scala:464)
	at org.scalatest.FunSpec.runTests(FunSpec.scala:1626)
	at org.scalatest.Suite$class.run(Suite.scala:1424)
	at org.scalatest.FunSpec.org$scalatest$FunSpecLike$$super$run(FunSpec.scala:1626)
	at org.scalatest.FunSpecLike$$anonfun$run$1.apply(FunSpecLike.scala:468)
	at org.scalatest.FunSpecLike$$anonfun$run$1.apply(FunSpecLike.scala:468)
	at org.scalatest.SuperEngine.runImpl(Engine.scala:545)
	at org.scalatest.FunSpecLike$class.run(FunSpecLike.scala:468)
	at org.scalatest.FunSpec.run(FunSpec.scala:1626)
	at org.scalatest.tools.Framework.org$scalatest$tools$Framework$$runSuite(Framework.scala:462)
	at org.scalatest.tools.Framework$ScalaTestTask.execute(Framework.scala:671)
	at sbt.TestRunner.runTest$1(TestFramework.scala:76)
	at sbt.TestRunner.run(TestFramework.scala:85)
	at sbt.TestFramework$$anon$2$$anonfun$$init$$1$$anonfun$apply$8.apply(TestFramework.scala:202)
	at sbt.TestFramework$$anon$2$$anonfun$$init$$1$$anonfun$apply$8.apply(TestFramework.scala:202)
	at sbt.TestFramework$.sbt$TestFramework$$withContextLoader(TestFramework.scala:185)
	at sbt.TestFramework$$anon$2$$anonfun$$init$$1.apply(TestFramework.scala:202)
	at sbt.TestFramework$$anon$2$$anonfun$$init$$1.apply(TestFramework.scala:202)
	at sbt.TestFunction.apply(TestFramework.scala:207)
	at sbt.Tests$$anonfun$9.apply(Tests.scala:216)
	at sbt.Tests$$anonfun$9.apply(Tests.scala:216)
	at sbt.std.Transform$$anon$3$$anonfun$apply$2.apply(System.scala:44)
	at sbt.std.Transform$$anon$3$$anonfun$apply$2.apply(System.scala:44)
	at sbt.std.Transform$$anon$4.work(System.scala:63)
	at sbt.Execute$$anonfun$submit$1$$anonfun$apply$1.apply(Execute.scala:228)
	at sbt.Execute$$anonfun$submit$1$$anonfun$apply$1.apply(Execute.scala:228)
	at sbt.ErrorHandling$.wideConvert(ErrorHandling.scala:17)
	at sbt.Execute.work(Execute.scala:237)
	at sbt.Execute$$anonfun$submit$1.apply(Execute.scala:228)
	at sbt.Execute$$anonfun$submit$1.apply(Execute.scala:228)
	at sbt.ConcurrentRestrictions$$anon$4$$anonfun$1.apply(ConcurrentRestrictions.scala:159)
	at sbt.CompletionService$$anon$2.call(CompletionService.scala:28)
	at java.util.concurrent.FutureTask.run(FutureTask.java:266)
	at java.util.concurrent.Executors$RunnableAdapter.call(Executors.java:511)
	at java.util.concurrent.FutureTask.run(FutureTask.java:266)
	at java.util.concurrent.ThreadPoolExecutor.runWorker(ThreadPoolExecutor.java:1142)
	at java.util.concurrent.ThreadPoolExecutor$Worker.run(ThreadPoolExecutor.java:617)
	at java.lang.Thread.run(Thread.java:745)
</failure>
                                               </testcase>
                     <system-out></system-out>
                     <system-err></system-err>
                   </testsuite>